Line 219: Class MSAdodcLib.Adodc of control familylistadodc was not a loaded control class.
Line 224: The property name _ExtentX in familylistadodc is invalid.
Line 225: The property name _ExtentY in familylistadodc is invalid.
Line 226: The property name ConnectMode in familylistadodc is invalid.
Line 227: The property name CursorLocation in familylistadodc is invalid.
Line 228: The property name IsolationLevel in familylistadodc is invalid.
Line 229: The property name ConnectionTimeout in familylistadodc is invalid.
Line 230: The property name CommandTimeout in familylistadodc is invalid.
Line 231: The property name CursorType in familylistadodc is invalid.
Line 232: The property name LockType in familylistadodc is invalid.
Line 233: The property name CommandType in familylistadodc is invalid.
Line 234: The property name CursorOptions in familylistadodc is invalid.
Line 235: The property name CacheSize in familylistadodc is invalid.
Line 236: The property name MaxRecords in familylistadodc is invalid.
Line 237: The property name BOFAction in familylistadodc is invalid.
Line 238: The property name EOFAction in familylistadodc is invalid.
Line 239: The property name ConnectStringType in familylistadodc is invalid.
Line 243: The property name Orientation in familylistadodc is invalid.
Line 245: The property name Connect in familylistadodc is invalid.
Line 246: The property name OLEDBString in familylistadodc is invalid.
Line 247: The property name OLEDBFile in familylistadodc is invalid.
Line 248: The property name DataSourceName in familylistadodc is invalid.
Line 249: The property name OtherAttributes in familylistadodc is invalid.
Line 250: The property name UserName in familylistadodc is invalid.
Line 251: The property name Password in familylistadodc is invalid.
Line 252: The property name RecordSource in familylistadodc is invalid.
Line 253: The property name Caption in familylistadodc is invalid.
Line 263: The property name _Version in familylistadodc is invalid.
